#
# A fatal error has been detected by the Java Runtime Environment:
#
#  SIGSEGV (0xb) at pc=0x000000010b003b28, pid=16587, tid=18183
#
# JRE version: Java(TM) SE Runtime Environment (7.0_67-b01) (build 1.7.0_67-b01)
# Java VM: Java HotSpot(TM) 64-Bit Server VM (24.65-b04 mixed mode bsd-amd64 compressed oops)
# Problematic frame:
# C  [libjprofilerti.jnilib+0xc6b28]  HashMap<ClassFileInfo, ClassFileInfo>::put(ClassFileInfo*, ClassFileInfo*)+0x144
#
# Failed to write core dump. Core dumps have been disabled. To enable core dumping, try "ulimit -c unlimited" before starting Java again
#
# If you would like to submit a bug report, please visit:
#   http://bugreport.sun.com/bugreport/crash.jsp
# The crash happened outside the Java Virtual Machine in native code.
# See problematic frame for where to report the bug.
#

---------------  T H R E A D  ---------------

Current thread (0x00007fddf9414800):  JavaThread "SIGTERM handler" daemon [_thread_in_native, id=18183, stack(0x0000700000d41000,0x0000700000e41000)]

siginfo:si_signo=SIGSEGV: si_errno=0, si_code=0 (SEGV0), si_addr=0x0000000000000000

Registers:
RAX=0xa00007fddf8e83c1, RBX=0x00007fddfb5b3610, RCX=0x00007fddf8e83f00, RDX=0x0000000000000523
RSP=0x0000700000e35220, RBP=0x0000700000e35250, RSI=0x000000008d4f5996, RDI=0x000000010b100c20
R8 =0x0000000000000001, R9 =0x00000000fffff000, R10=0x000000001a2aa3db, R11=0x00007fddfb500000
R12=0x0000000000000523, R13=0x0000000000000000, R14=0x00007fddfb5b3610, R15=0x000000010b100c20
RIP=0x000000010b003b28, EFLAGS=0x0000000000010282, ERR=0x0000000000000000
  TRAPNO=0x000000000000000d

Top of Stack: (sp=0x0000700000e35220)
0x0000700000e35220:   000000000000001e 00007fddfb5b3610
0x0000700000e35230:   0000700000e3b3ed 0000000000000006
0x0000700000e35240:   000000000000001d 00007fddf9186bc3
0x0000700000e35250:   0000700000e3f400 000000010aff666b
0x0000700000e35260:   0000000000000000 0000000000000000
0x0000700000e35270:   0000000000000000 0000000000000000
0x0000700000e35280:   0000000000000000 0000000000000000
0x0000700000e35290:   0000700000e3f52c 0000700000e3f418
0x0000700000e352a0:   0000000000000000 00007fddf8e8a940
0x0000700000e352b0:   0000000000000000 00007fddf94149e8
0x0000700000e352c0:   00007fddfb5b3610 00007fddf9186a10
0x0000700000e352d0:   0000000000000406 00007fddfb48dd00
0x0000700000e352e0:   0000000000000000 0000000000000000
0x0000700000e352f0:   0000000000000000 0000000000000000
0x0000700000e35300:   0000000000000000 0000000000000000
0x0000700000e35310:   0000000000000000 0000000000000000
0x0000700000e35320:   0000000000000000 0000000000000000
0x0000700000e35330:   0000000000000000 0000000000000000
0x0000700000e35340:   0000000000000000 0000000000000000
0x0000700000e35350:   0000000000000000 0000000000000000
0x0000700000e35360:   0000000000000000 0000000000000000
0x0000700000e35370:   0000000000000000 0000000000000000
0x0000700000e35380:   0000000000000000 0000000000000000
0x0000700000e35390:   0000000000000000 0000000000000000
0x0000700000e353a0:   0000000000000000 0000000000000000
0x0000700000e353b0:   0000000000000000 0000000000000000
0x0000700000e353c0:   0000021d00000000 0000000000000000
0x0000700000e353d0:   0000000000000000 0000000000000000
0x0000700000e353e0:   0000000000000000 0000000000000000
0x0000700000e353f0:   0000000000000000 0000000000000000
0x0000700000e35400:   0000000000000000 0000000000000000
0x0000700000e35410:   0000000000000000 0000000000000000 

Instructions: (pc=0x000000010b003b28)
0x000000010b003b08:   d2 41 f7 77 08 41 89 d4 49 8b 4f 20 48 8b 01 48
0x000000010b003b18:   85 c0 75 0c bf 20 00 00 00 e8 ac 27 00 00 eb 0a
0x000000010b003b28:   48 8b 50 18 48 89 11 ff 49 08 49 63 cc 49 8b 17
0x000000010b003b38:   48 8b 14 ca 4c 89 30 48 89 58 08 48 89 50 10 49 

Register to memory mapping:

RAX=0xa00007fddf8e83c1 is an unknown value
RBX=0x00007fddfb5b3610 is an unknown value
RCX=0x00007fddf8e83f00 is an unknown value
RDX=0x0000000000000523 is an unknown value
RSP=0x0000700000e35220 is pointing into the stack for thread: 0x00007fddf9414800
RBP=0x0000700000e35250 is pointing into the stack for thread: 0x00007fddf9414800
RSI=0x000000008d4f5996 is an unknown value
RDI=